This is pdfTeX, Version 3.1415926-2.5-1.40.14 (TeX Live 2013/Debian) (format=pdflatex 2016.2.17)  24 AUG 2016 12:24
entering extended mode
 restricted \write18 enabled.
 %&-line parsing enabled.
**writeup.tex
(./writeup.tex
LaTeX2e <2011/06/27>
Babel <3.9h> and hyphenation patterns for 78 languages loaded.
(/usr/share/texlive/texmf-dist/tex/latex/base/article.cls
Document Class: article 2007/10/19 v1.4h Standard LaTeX document class
(/usr/share/texlive/texmf-dist/tex/latex/base/size12.clo
File: size12.clo 2007/10/19 v1.4h Standard LaTeX file (size option)
)
\c@part=\count79
\c@section=\count80
\c@subsection=\count81
\c@subsubsection=\count82
\c@paragraph=\count83
\c@subparagraph=\count84
\c@figure=\count85
\c@table=\count86
\abovecaptionskip=\skip41
\belowcaptionskip=\skip42
\bibindent=\dimen102
) (./cvpr.sty
(./eso-pic.sty
Package: eso-pic 2002/11/16 v1.1b eso-pic (RN)
 (./cvpr_eso.sty

LaTeX Warning: You have requested package `eso-pic',
               but the package provides `everyshi'.

Package: everyshi 2001/05/15 v3.00 EveryShipout Package (MS)
) (/usr/share/texlive/texmf-dist/tex/latex/graphics/keyval.sty
Package: keyval 1999/03/16 v1.13 key=value parser (DPC)
\KV@toks@=\toks14
))
(/usr/share/texlive/texmf-dist/tex/latex/tools/xspace.sty
Package: xspace 2009/10/20 v1.13 Space after command names (DPC,MH)
)
CVPR 8.5 x 11-Inch Proceedings Style `cvpr.sty'.
\@ctmp=\skip43
\@figindent=\skip44
\cvprrulerbox=\box26
\cvprrulercount=\count87
\cvprruleroffset=\dimen103
\cv@lineheight=\dimen104
\cv@boxheight=\dimen105
\cv@tmpbox=\box27
\cv@refno=\count88
\cv@tot=\count89
\cv@tmpc@=\count90
\cv@tmpc=\count91
) (/usr/share/texlive/texmf-dist/tex/latex/psnfss/times.sty
Package: times 2005/04/12 PSNFSS-v9.2a (SPQR) 
)
(/usr/share/texlive/texmf-dist/tex/latex/graphics/epsfig.sty
Package: epsfig 1999/02/16 v1.7a (e)psfig emulation (SPQR)

(/usr/share/texlive/texmf-dist/tex/latex/graphics/graphicx.sty
Package: graphicx 1999/02/16 v1.0f Enhanced LaTeX Graphics (DPC,SPQR)

(/usr/share/texlive/texmf-dist/tex/latex/graphics/graphics.sty
Package: graphics 2009/02/05 v1.0o Standard LaTeX Graphics (DPC,SPQR)

(/usr/share/texlive/texmf-dist/tex/latex/graphics/trig.sty
Package: trig 1999/03/16 v1.09 sin cos tan (DPC)
)
(/usr/share/texlive/texmf-dist/tex/latex/latexconfig/graphics.cfg
File: graphics.cfg 2010/04/23 v1.9 graphics configuration of TeX Live
)
Package graphics Info: Driver file: pdftex.def on input line 91.

(/usr/share/texlive/texmf-dist/tex/latex/pdftex-def/pdftex.def
File: pdftex.def 2011/05/27 v0.06d Graphics/color for pdfTeX

(/usr/share/texlive/texmf-dist/tex/generic/oberdiek/infwarerr.sty
Package: infwarerr 2010/04/08 v1.3 Providing info/warning/error messages (HO)
)
(/usr/share/texlive/texmf-dist/tex/generic/oberdiek/ltxcmds.sty
Package: ltxcmds 2011/11/09 v1.22 LaTeX kernel commands for general use (HO)
)
\Gread@gobject=\count92
))
\Gin@req@height=\dimen106
\Gin@req@width=\dimen107
)
\epsfxsize=\dimen108
\epsfysize=\dimen109
)
(/usr/share/texlive/texmf-dist/tex/latex/amsmath/amsmath.sty
Package: amsmath 2013/01/14 v2.14 AMS math features
\@mathmargin=\skip45

For additional information on amsmath, use the `?' option.
(/usr/share/texlive/texmf-dist/tex/latex/amsmath/amstext.sty
Package: amstext 2000/06/29 v2.01

(/usr/share/texlive/texmf-dist/tex/latex/amsmath/amsgen.sty
File: amsgen.sty 1999/11/30 v2.0
\@emptytoks=\toks15
\ex@=\dimen110
))
(/usr/share/texlive/texmf-dist/tex/latex/amsmath/amsbsy.sty
Package: amsbsy 1999/11/29 v1.2d
\pmbraise@=\dimen111
)
(/usr/share/texlive/texmf-dist/tex/latex/amsmath/amsopn.sty
Package: amsopn 1999/12/14 v2.01 operator names
)
\inf@bad=\count93
LaTeX Info: Redefining \frac on input line 210.
\uproot@=\count94
\leftroot@=\count95
LaTeX Info: Redefining \overline on input line 306.
\classnum@=\count96
\DOTSCASE@=\count97
LaTeX Info: Redefining \ldots on input line 378.
LaTeX Info: Redefining \dots on input line 381.
LaTeX Info: Redefining \cdots on input line 466.
\Mathstrutbox@=\box28
\strutbox@=\box29
\big@size=\dimen112
LaTeX Font Info:    Redeclaring font encoding OML on input line 566.
LaTeX Font Info:    Redeclaring font encoding OMS on input line 567.
\macc@depth=\count98
\c@MaxMatrixCols=\count99
\dotsspace@=\muskip10
\c@parentequation=\count100
\dspbrk@lvl=\count101
\tag@help=\toks16
\row@=\count102
\column@=\count103
\maxfields@=\count104
\andhelp@=\toks17
\eqnshift@=\dimen113
\alignsep@=\dimen114
\tagshift@=\dimen115
\tagwidth@=\dimen116
\totwidth@=\dimen117
\lineht@=\dimen118
\@envbody=\toks18
\multlinegap=\skip46
\multlinetaggap=\skip47
\mathdisplay@stack=\toks19
LaTeX Info: Redefining \[ on input line 2665.
LaTeX Info: Redefining \] on input line 2666.
)
(/usr/share/texlive/texmf-dist/tex/latex/amsfonts/amssymb.sty
Package: amssymb 2013/01/14 v3.01 AMS font symbols

(/usr/share/texlive/texmf-dist/tex/latex/amsfonts/amsfonts.sty
Package: amsfonts 2013/01/14 v3.01 Basic AMSFonts support
\symAMSa=\mathgroup4
\symAMSb=\mathgroup5
LaTeX Font Info:    Overwriting math alphabet `\mathfrak' in version `bold'
(Font)                  U/euf/m/n --> U/euf/b/n on input line 106.
))
(/usr/share/texlive/texmf-dist/tex/latex/hyperref/hyperref.sty
Package: hyperref 2012/11/06 v6.83m Hypertext links for LaTeX

(/usr/share/texlive/texmf-dist/tex/generic/oberdiek/hobsub-hyperref.sty
Package: hobsub-hyperref 2012/05/28 v1.13 Bundle oberdiek, subset hyperref (HO)


(/usr/share/texlive/texmf-dist/tex/generic/oberdiek/hobsub-generic.sty
Package: hobsub-generic 2012/05/28 v1.13 Bundle oberdiek, subset generic (HO)
Package: hobsub 2012/05/28 v1.13 Construct package bundles (HO)
Package hobsub Info: Skipping package `infwarerr' (already loaded).
Package hobsub Info: Skipping package `ltxcmds' (already loaded).
Package: ifluatex 2010/03/01 v1.3 Provides the ifluatex switch (HO)
Package ifluatex Info: LuaTeX not detected.
Package: ifvtex 2010/03/01 v1.5 Detect VTeX and its facilities (HO)
Package ifvtex Info: VTeX not detected.
Package: intcalc 2007/09/27 v1.1 Expandable calculations with integers (HO)
Package: ifpdf 2011/01/30 v2.3 Provides the ifpdf switch (HO)
Package ifpdf Info: pdfTeX in PDF mode is detected.
Package: etexcmds 2011/02/16 v1.5 Avoid name clashes with e-TeX commands (HO)
Package etexcmds Info: Could not find \expanded.
(etexcmds)             That can mean that you are not using pdfTeX 1.50 or
(etexcmds)             that some package has redefined \expanded.
(etexcmds)             In the latter case, load this package earlier.
Package: kvsetkeys 2012/04/25 v1.16 Key value parser (HO)
Package: kvdefinekeys 2011/04/07 v1.3 Define keys (HO)
Package: pdftexcmds 2011/11/29 v0.20 Utility functions of pdfTeX for LuaTeX (HO
)
Package pdftexcmds Info: LuaTeX not detected.
Package pdftexcmds Info: \pdf@primitive is available.
Package pdftexcmds Info: \pdf@ifprimitive is available.
Package pdftexcmds Info: \pdfdraftmode found.
Package: pdfescape 2011/11/25 v1.13 Implements pdfTeX's escape features (HO)
Package: bigintcalc 2012/04/08 v1.3 Expandable calculations on big integers (HO
)
Package: bitset 2011/01/30 v1.1 Handle bit-vector datatype (HO)
Package: uniquecounter 2011/01/30 v1.2 Provide unlimited unique counter (HO)
)
Package hobsub Info: Skipping package `hobsub' (already loaded).
Package: letltxmacro 2010/09/02 v1.4 Let assignment for LaTeX macros (HO)
Package: hopatch 2012/05/28 v1.2 Wrapper for package hooks (HO)
Package: xcolor-patch 2011/01/30 xcolor patch
Package: atveryend 2011/06/30 v1.8 Hooks at the very end of document (HO)
Package atveryend Info: \enddocument detected (standard20110627).
Package: atbegshi 2011/10/05 v1.16 At begin shipout hook (HO)
Package: refcount 2011/10/16 v3.4 Data extraction from label references (HO)
Package: hycolor 2011/01/30 v1.7 Color options for hyperref/bookmark (HO)
)
(/usr/share/texlive/texmf-dist/tex/generic/ifxetex/ifxetex.sty
Package: ifxetex 2010/09/12 v0.6 Provides ifxetex conditional
)
(/usr/share/texlive/texmf-dist/tex/latex/oberdiek/auxhook.sty
Package: auxhook 2011/03/04 v1.3 Hooks for auxiliary files (HO)
)
(/usr/share/texlive/texmf-dist/tex/latex/oberdiek/kvoptions.sty
Package: kvoptions 2011/06/30 v3.11 Key value format for package options (HO)
)
\@linkdim=\dimen119
\Hy@linkcounter=\count105
\Hy@pagecounter=\count106

(/usr/share/texlive/texmf-dist/tex/latex/hyperref/pd1enc.def
File: pd1enc.def 2012/11/06 v6.83m Hyperref: PDFDocEncoding definition (HO)
)
\Hy@SavedSpaceFactor=\count107

(/usr/share/texlive/texmf-dist/tex/latex/latexconfig/hyperref.cfg
File: hyperref.cfg 2002/06/06 v1.2 hyperref configuration of TeXLive
)
Package hyperref Info: Option `breaklinks' set `true' on input line 4319.
Package hyperref Info: Option `bookmarks' set `false' on input line 4319.
Package hyperref Info: Hyper figures OFF on input line 4443.
Package hyperref Info: Link nesting OFF on input line 4448.
Package hyperref Info: Hyper index ON on input line 4451.
Package hyperref Info: Plain pages OFF on input line 4458.
Package hyperref Info: Backreferencing OFF on input line 4463.
Package hyperref Info: Implicit mode ON; LaTeX internals redefined.
Package hyperref Info: Bookmarks OFF on input line 4694.
\c@Hy@tempcnt=\count108

(/usr/share/texlive/texmf-dist/tex/latex/url/url.sty
\Urlmuskip=\muskip11
Package: url 2013/09/16  ver 3.4  Verb mode for urls, etc.
)
LaTeX Info: Redefining \url on input line 5041.
\XeTeXLinkMargin=\dimen120
\Fld@menulength=\count109
\Field@Width=\dimen121
\Fld@charsize=\dimen122
Package hyperref Info: Hyper figures OFF on input line 6295.
Package hyperref Info: Link nesting OFF on input line 6300.
Package hyperref Info: Hyper index ON on input line 6303.
Package hyperref Info: backreferencing OFF on input line 6310.
Package hyperref Info: Link coloring OFF on input line 6315.
Package hyperref Info: Link coloring with OCG OFF on input line 6320.
Package hyperref Info: PDF/A mode OFF on input line 6325.
LaTeX Info: Redefining \ref on input line 6365.
LaTeX Info: Redefining \pageref on input line 6369.
\Hy@abspage=\count110
\c@Item=\count111
\c@Hfootnote=\count112
)

Package hyperref Message: Driver (autodetected): hpdftex.

(/usr/share/texlive/texmf-dist/tex/latex/hyperref/hpdftex.def
File: hpdftex.def 2012/11/06 v6.83m Hyperref driver for pdfTeX
\Fld@listcount=\count113
\c@bookmark@seq@number=\count114

(/usr/share/texlive/texmf-dist/tex/latex/oberdiek/rerunfilecheck.sty
Package: rerunfilecheck 2011/04/15 v1.7 Rerun checks for auxiliary files (HO)
Package uniquecounter Info: New unique counter `rerunfilecheck' on input line 2
82.
)
\Hy@SectionHShift=\skip48
)
(./writeup.aux)
\openout1 = `writeup.aux'.

LaTeX Font Info:    Checking defaults for OML/cmm/m/it on input line 18.
LaTeX Font Info:    ... okay on input line 18.
LaTeX Font Info:    Checking defaults for T1/cmr/m/n on input line 18.
LaTeX Font Info:    ... okay on input line 18.
LaTeX Font Info:    Checking defaults for OT1/cmr/m/n on input line 18.
LaTeX Font Info:    ... okay on input line 18.
LaTeX Font Info:    Checking defaults for OMS/cmsy/m/n on input line 18.
LaTeX Font Info:    ... okay on input line 18.
LaTeX Font Info:    Checking defaults for OMX/cmex/m/n on input line 18.
LaTeX Font Info:    ... okay on input line 18.
LaTeX Font Info:    Checking defaults for U/cmr/m/n on input line 18.
LaTeX Font Info:    ... okay on input line 18.
LaTeX Font Info:    Checking defaults for PD1/pdf/m/n on input line 18.
LaTeX Font Info:    ... okay on input line 18.
LaTeX Font Info:    Try loading font information for OT1+ptm on input line 18.
 (/usr/share/texlive/texmf-dist/tex/latex/psnfss/ot1ptm.fd
File: ot1ptm.fd 2001/06/04 font definitions for OT1/ptm.
)
ABD: EveryShipout initializing macros
(/usr/share/texlive/texmf-dist/tex/latex/graphics/color.sty
Package: color 2005/11/14 v1.0j Standard LaTeX Color (DPC)

(/usr/share/texlive/texmf-dist/tex/latex/latexconfig/color.cfg
File: color.cfg 2007/01/18 v1.5 color configuration of teTeX/TeXLive
)
Package color Info: Driver file: pdftex.def on input line 130.
)
(/usr/share/texlive/texmf-dist/tex/context/base/supp-pdf.mkii
[Loading MPS to PDF converter (version 2006.09.02).]
\scratchcounter=\count115
\scratchdimen=\dimen123
\scratchbox=\box30
\nofMPsegments=\count116
\nofMParguments=\count117
\everyMPshowfont=\toks20
\MPscratchCnt=\count118
\MPscratchDim=\dimen124
\MPnumerator=\count119
\makeMPintoPDFobject=\count120
\everyMPtoPDFconversion=\toks21
) (/usr/share/texlive/texmf-dist/tex/latex/oberdiek/epstopdf-base.sty
Package: epstopdf-base 2010/02/09 v2.5 Base part for package epstopdf

(/usr/share/texlive/texmf-dist/tex/latex/oberdiek/grfext.sty
Package: grfext 2010/08/19 v1.1 Manage graphics extensions (HO)
)
Package grfext Info: Graphics extension search list:
(grfext)             [.png,.pdf,.jpg,.mps,.jpeg,.jbig2,.jb2,.PNG,.PDF,.JPG,.JPE
G,.JBIG2,.JB2,.eps]
(grfext)             \AppendGraphicsExtensions on input line 452.

(/usr/share/texlive/texmf-dist/tex/latex/latexconfig/epstopdf-sys.cfg
File: epstopdf-sys.cfg 2010/07/13 v1.3 Configuration of (r)epstopdf for TeX Liv
e
))
\AtBeginShipoutBox=\box31
Package atbegshi Info: Package `everyshi' patched.
Package hyperref Info: Link coloring OFF on input line 18.

(/usr/share/texlive/texmf-dist/tex/latex/hyperref/nameref.sty
Package: nameref 2012/10/27 v2.43 Cross-referencing by name of section

(/usr/share/texlive/texmf-dist/tex/generic/oberdiek/gettitlestring.sty
Package: gettitlestring 2010/12/03 v1.4 Cleanup title references (HO)
)
\c@section@level=\count121
)
LaTeX Info: Redefining \ref on input line 18.
LaTeX Info: Redefining \pageref on input line 18.
LaTeX Info: Redefining \nameref on input line 18.
LaTeX Font Info:    Font shape `OT1/ptm/bx/n' in size <17.28> not available
(Font)              Font shape `OT1/ptm/b/n' tried instead on input line 28.
LaTeX Font Info:    Font shape `OT1/ptm/bx/n' in size <24.88> not available
(Font)              Font shape `OT1/ptm/b/n' tried instead on input line 28.
LaTeX Font Info:    Try loading font information for U+msa on input line 28.

(/usr/share/texlive/texmf-dist/tex/latex/amsfonts/umsa.fd
File: umsa.fd 2013/01/14 v3.01 AMS symbols A
)
LaTeX Font Info:    Try loading font information for U+msb on input line 28.

(/usr/share/texlive/texmf-dist/tex/latex/amsfonts/umsb.fd
File: umsb.fd 2013/01/14 v3.01 AMS symbols B
)
LaTeX Font Info:    Try loading font information for OT1+pcr on input line 28.

(/usr/share/texlive/texmf-dist/tex/latex/psnfss/ot1pcr.fd
File: ot1pcr.fd 2001/06/04 font definitions for OT1/pcr.
)
LaTeX Font Info:    Font shape `OT1/ptm/bx/n' in size <14.4> not available
(Font)              Font shape `OT1/ptm/b/n' tried instead on input line 30.

Underfull \hbox (badness 1783) in paragraph at lines 61--82
\OT1/ptm/m/n/12 Hous-ing Num-bers'' (SVHN) dataset that can
 []


Underfull \vbox (badness 10000) has occurred while \output is active []

 [1{/var/lib/texmf/fonts/map/pdftex/updmap/pdftex.map}


]
Underfull \hbox (badness 10000) in paragraph at lines 124--128
[]$\OT1/cmr/m/n/12 100\OML/cmm/m/it/12 :\OT1/cmr/m/n/12 0 \OMS/cmsy/m/n/12 ^^C 
[]$
 []

[2]
Underfull \hbox (badness 4036) in paragraph at lines 177--189
[]\OT1/ptm/m/n/12 Table []1[] shows some statis-tics about the
 []

[3] <images/figure_og.png, id=48, 495.0495pt x 201.6333pt>
File: images/figure_og.png Graphic file (type png)

<use images/figure_og.png>
Package pdftex.def Info: images/figure_og.png used on input line 276.
(pdftex.def)             Requested size: 213.4209pt x 86.92522pt.

<images/6_digits.png, id=51, 472.6458pt x 167.6664pt>
File: images/6_digits.png Graphic file (type png)

<use images/6_digits.png>
Package pdftex.def Info: images/6_digits.png used on input line 295.
(pdftex.def)             Requested size: 213.4209pt x 75.70757pt.
LaTeX Font Info:    Try loading font information for OMS+ptm on input line 307.


(/usr/share/texlive/texmf-dist/tex/latex/psnfss/omsptm.fd
File: omsptm.fd 
)
LaTeX Font Info:    Font shape `OMS/ptm/m/n' in size <12> not available
(Font)              Font shape `OMS/cmsy/m/n' tried instead on input line 307.
 [4 <./images/figure_og.png> <./images/6_digits.png>]
Underfull \hbox (badness 1496) in paragraph at lines 313--319
\OT1/ptm/m/n/12 linearity to the net-work. When passed
 []


Underfull \hbox (badness 1142) in paragraph at lines 334--342
[]\OT1/ptm/m/n/12 Local Re-sponse Nor-mal-iza-tion: This re-
 []


Underfull \hbox (badness 1681) in paragraph at lines 334--342
\OT1/ptm/m/n/12 stricts the val-ues that are pos-si-ble to a
 []


Underfull \hbox (badness 1082) in paragraph at lines 358--363
[]\OT1/ptm/m/n/12 AdagradOptimizer: Is an ad-vanced op-ti-
 []

[5]
Underfull \hbox (badness 10000) in paragraph at lines 407--410
\OT1/ptm/m/n/12 ``sparse[]softmax[]cross[]entropy[]with[]logits'' to
 []

[6]
Underfull \hbox (badness 3735) in paragraph at lines 464--475
[]\OT1/ptm/m/n/12 The SVHN dataset is di-vided into three
 []

<images/figure_processed.png, id=92, 385.9218pt x 379.4175pt>
File: images/figure_processed.png Graphic file (type png)

<use images/figure_processed.png>
Package pdftex.def Info: images/figure_processed.png used on input line 481.
(pdftex.def)             Requested size: 213.4209pt x 209.82657pt.

Underfull \hbox (badness 4316) in paragraph at lines 490--496
[]\OT1/ptm/m/n/12 The first step in im-ple-men-ta-tion was to
 []


Underfull \hbox (badness 5681) in paragraph at lines 490--496
\OT1/ptm/m/n/12 ob-tain the datasets. These were fetched
 []


Underfull \hbox (badness 10000) in paragraph at lines 490--496
\OT1/ptm/m/n/12 from []$\OT1/pcr/m/n/12 http : / / ufldl . stanford . edu /
 []


Underfull \hbox (badness 3407) in paragraph at lines 490--496
\OT1/ptm/m/n/12 at Udac-ity []$\OT1/pcr/m/n/12 https : / / www . udacity . com 
/
 []


Underfull \hbox (badness 2529) in paragraph at lines 490--496
\OT1/pcr/m/n/12 course / deep-[]learning-[]-[]ud730$[]\OT1/ptm/m/n/12 . The
 []


Underfull \hbox (badness 10000) in paragraph at lines 490--496
\OT1/pcr/m/n/12 com / tensorflow / tensorflow / tree /
 []


Underfull \hbox (badness 10000) in paragraph at lines 490--496
\OT1/pcr/m/n/12 master / tensorflow / examples /
 []


Underfull \hbox (badness 2698) in paragraph at lines 490--496
\OT1/pcr/m/n/12 udacity$[] \OT1/ptm/m/n/12 The data was then ex-tracted us-
 []

[7]
Underfull \hbox (badness 3312) in paragraph at lines 503--508
\OT1/ptm/m/n/12 from the .m file and parse it into python
 []


Underfull \hbox (badness 2635) in paragraph at lines 503--508
\OT1/ptm/m/n/12 dic-tio-nar-ies. This was one of the trick-ier
 []


Underfull \hbox (badness 1371) in paragraph at lines 503--508
\OT1/ptm/m/n/12 ity forms re-ally helped get a han-dle on the
 []


Underfull \hbox (badness 2608) in paragraph at lines 503--508
\OT1/ptm/m/n/12 way that h5py uses ref-er-ences and how to
 []


Underfull \hbox (badness 10000) in paragraph at lines 503--508
\OT1/ptm/m/n/12 from []$\OT1/pcr/m/n/12 https : / / github . com / hangyao /
 []


Underfull \hbox (badness 10000) in paragraph at lines 503--508
\OT1/pcr/m/n/12 street _ view _ house _ numbers / blob /
 []

<images/model_graph.png, id=115, 627.34375pt x 1012.78375pt>
File: images/model_graph.png Graphic file (type png)

<use images/model_graph.png>
Package pdftex.def Info: images/model_graph.png used on input line 532.
(pdftex.def)             Requested size: 118.56796pt x 191.41095pt.

<images/network_graph.png, id=116, 4088.27374pt x 2729.19624pt>
File: images/network_graph.png Graphic file (type png)

<use images/network_graph.png>
Package pdftex.def Info: images/network_graph.png used on input line 542.
(pdftex.def)             Requested size: 447.16759pt x 298.50511pt.

Underfull \hbox (badness 5460) in paragraph at lines 549--570
[]\OT1/ptm/m/n/12 The trick-i-est part of the im-ple-men-ta-tion
 []


Underfull \hbox (badness 2717) in paragraph at lines 549--570
\OT1/ptm/m/n/12 was how to cal-cu-late the loss func-tion for
 []


Underfull \hbox (badness 2096) in paragraph at lines 549--570
\OT1/ptm/m/n/12 con-vert la-bels into ``one-hot en-coded'' la-bels
 []


Underfull \hbox (badness 2245) in paragraph at lines 549--570
\OT1/ptm/m/n/12 ``sparse[]softmax[]cross[]entropy[]with[]logits'', the
 []


Underfull \hbox (badness 2735) in paragraph at lines 549--570
\OT1/ptm/m/n/12 ten-sor-flow func-tion that cal-cu-lates the cross
 []


Underfull \hbox (badness 3158) in paragraph at lines 549--570
\OT1/ptm/m/n/12 The ten-sor-flow doc-u-men-ta-tion men-tions that
 []


Underfull \hbox (badness 1033) in paragraph at lines 549--570
\OT1/ptm/m/n/12 as the in-fer-ence func-tion that builds net-work
 []


Underfull \hbox (badness 1590) in paragraph at lines 549--570
\OT1/ptm/m/n/12 graph orig-i-nally re-turned the soft-max of the
 []


Underfull \hbox (badness 10000) in paragraph at lines 549--570
\OT1/ptm/m/n/12 the ``sparse[]softmax[]cross[]entropy[]with[]logits''
 []


Underfull \hbox (badness 10000) in paragraph at lines 549--570
\OT1/ptm/m/n/12 of ``sparse[]softmax[]cross[]entropy[]with[]logits''
 []


Underfull \hbox (badness 1466) in paragraph at lines 549--570
\OT1/ptm/m/n/12 had to be summed for each la-bel com-pared
 []


Underfull \hbox (badness 3068) in paragraph at lines 549--570
\OT1/ptm/m/n/12 the six log-its out-puts a pre-dic-tion and the
 []


Underfull \hbox (badness 2809) in paragraph at lines 549--570
\OT1/ptm/m/n/12 ``sparse[]softmax[]cross[]entropy[]with[]logits'' was
 []


Underfull \vbox (badness 1762) has occurred while \output is active []

 [8 <./images/figure_processed.png> <./images/model_graph.png>]
Underfull \vbox (badness 10000) has occurred while \output is active []


<images/loss_graph.png, id=130, 908.39375pt x 469.755pt>
File: images/loss_graph.png Graphic file (type png)

<use images/loss_graph.png>
Package pdftex.def Info: images/loss_graph.png used on input line 574.
(pdftex.def)             Requested size: 213.4209pt x 110.36377pt.
 [9 <./images/network_graph.png>]
Underfull \vbox (badness 10000) has occurred while \output is active []


<images/accuracy.png, id=145, 578.16pt x 433.62pt>
File: images/accuracy.png Graphic file (type png)
 <use images/accuracy.png>
Package pdftex.def Info: images/accuracy.png used on input line 645.
(pdftex.def)             Requested size: 213.4209pt x 160.05974pt.

[10 <./images/loss_graph.png>]
<images/example_output.png, id=156, 565.1514pt x 287.6346pt>
File: images/example_output.png Graphic file (type png)

<use images/example_output.png>
Package pdftex.def Info: images/example_output.png used on input line 692.
(pdftex.def)             Requested size: 213.4209pt x 108.62198pt.

Underfull \vbox (badness 10000) has occurred while \output is active []

 [11 <./images/accuracy.png> <./images/example_output.png>]
<images/input_image.png, id=168, 50.1875pt x 50.1875pt>
File: images/input_image.png Graphic file (type png)

<use images/input_image.png>
Package pdftex.def Info: images/input_image.png used on input line 737.
(pdftex.def)             Requested size: 118.56796pt x 118.5854pt.

<images/conv_image.png, id=169, 48.18pt x 48.18pt>
File: images/conv_image.png Graphic file (type png)
 <use images/conv_image.png>
Package pdftex.def Info: images/conv_image.png used on input line 737.
(pdftex.def)             Requested size: 118.56796pt x 118.56834pt.

Overfull \hbox (15.79997pt too wide) in paragraph at lines 737--738
 [] 
 []

<images/conv_3_graph.png, id=176, 908.39375pt x 469.755pt>
File: images/conv_3_graph.png Graphic file (type png)

<use images/conv_3_graph.png>
Package pdftex.def Info: images/conv_3_graph.png used on input line 755.
(pdftex.def)             Requested size: 213.4209pt x 110.36377pt.

<images/hidden_5_graph.png, id=177, 905.3825pt x 467.7475pt>
File: images/hidden_5_graph.png Graphic file (type png)

<use images/hidden_5_graph.png>
Package pdftex.def Info: images/hidden_5_graph.png used on input line 766.
(pdftex.def)             Requested size: 213.4209pt x 110.25612pt.

<images/logits_1_graph.png, id=178, 912.40875pt x 473.77pt>
File: images/logits_1_graph.png Graphic file (type png)

<use images/logits_1_graph.png>
Package pdftex.def Info: images/logits_1_graph.png used on input line 777.
(pdftex.def)             Requested size: 213.4209pt x 110.81546pt.


LaTeX Warning: Text page 12 contains only floats.

[12 <./images/input_image.png (PNG copy)> <./images/conv_image.png (PNG copy)> 
<./images/conv_3_graph.png> <./images/hidden_5_graph.png> <./images/logits_1_gr
aph.png>] [13] (./writeup.bbl
Underfull \hbox (badness 1540) in paragraph at lines 4--14
\OT1/ptm/m/n/10.95 J. Dean, M. Devin, S. Ghe-mawat, I. Good-
 []

)
Package atveryend Info: Empty hook `BeforeClearDocument' on input line 882.
 [14]
Package atveryend Info: Empty hook `AfterLastShipout' on input line 882.
 (./writeup.aux)
Package atveryend Info: Executing hook `AtVeryEndDocument' on input line 882.
Package atveryend Info: Empty hook `AtEndAfterFileList' on input line 882.
Package atveryend Info: Empty hook `AtVeryVeryEnd' on input line 882.
 ) 
Here is how much of TeX's memory you used:
 6441 strings out of 493304
 92761 string characters out of 6139871
 187899 words of memory out of 5000000
 9731 multiletter control sequences out of 15000+600000
 32737 words of font info for 79 fonts, out of 8000000 for 9000
 957 hyphenation exceptions out of 8191
 34i,9n,26p,1179b,416s stack positions out of 5000i,500n,10000p,200000b,80000s
{/usr/share/texlive/texmf-dist/fonts/enc/dvips/base/8r.enc}</usr/share/texliv
e/texmf-dist/fonts/type1/public/amsfonts/cm/cmmi12.pfb></usr/share/texlive/texm
f-dist/fonts/type1/public/amsfonts/cm/cmr12.pfb></usr/share/texlive/texmf-dist/
fonts/type1/public/amsfonts/cm/cmr8.pfb></usr/share/texlive/texmf-dist/fonts/ty
pe1/public/amsfonts/cm/cmsy10.pfb></usr/share/texlive/texmf-dist/fonts/type1/pu
blic/amsfonts/cm/cmsy8.pfb></usr/share/texlive/texmf-dist/fonts/type1/urw/couri
er/ucrr8a.pfb></usr/share/texlive/texmf-dist/fonts/type1/urw/times/utmb8a.pfb><
/usr/share/texlive/texmf-dist/fonts/type1/urw/times/utmr8a.pfb></usr/share/texl
ive/texmf-dist/fonts/type1/urw/times/utmri8a.pfb>
Output written on writeup.pdf (14 pages, 1288968 bytes).
PDF statistics:
 261 PDF objects out of 1000 (max. 8388607)
 208 compressed objects within 3 object streams
 61 named destinations out of 1000 (max. 500000)
 66 words of extra memory for PDF output out of 10000 (max. 10000000)

